<?xml version="1.0" encoding="UTF-8"?>
<coverage generated="1555126702212" clover="3.2.0">
  <project timestamp="1555126702212" name="All files">
    <metrics statements="103" coveredstatements="44" conditionals="26" coveredconditionals="7" methods="49" coveredmethods="15" elements="178" coveredelements="66" complexity="0" loc="103" ncloc="103" packages="7" files="14" classes="14"/>
    <package name="AwesomeProject">
      <metrics statements="13" coveredstatements="12" conditionals="6" coveredconditionals="6" methods="4" coveredmethods="3"/>
      <file name="App.js" path="/home/porpentina/cs506/CS506FinalProject/AwesomeProject/App.js">
        <metrics statements="13" coveredstatements="12" conditionals="6" coveredconditionals="6" methods="4" coveredmethods="3"/>
        <line num="8" count="2" type="stmt"/>
        <line num="16" count="2" type="stmt"/>
        <line num="18" count="2" type="stmt"/>
        <line num="20" count="2" type="stmt"/>
        <line num="22" count="2" type="stmt"/>
        <line num="23" count="2" type="stmt"/>
        <line num="31" count="3" type="cond" truecount="4" falsecount="0"/>
        <line num="32" count="1" type="stmt"/>
        <line num="40" count="2" type="stmt"/>
        <line num="50" count="1" type="stmt"/>
        <line num="68" count="0" type="stmt"/>
        <line num="72" count="1" type="stmt"/>
        <line num="76" count="2" type="stmt"/>
      </file>
    </package>
    <package name="AwesomeProject.assets.fonts">
      <metrics statements="1" coveredstatements="1" conditionals="0" coveredconditionals="0" methods="0" coveredmethods="0"/>
      <file name="SpaceMono-Regular.ttf" path="/home/porpentina/cs506/CS506FinalProject/AwesomeProject/assets/fonts/SpaceMono-Regular.ttf">
        <metrics statements="1" coveredstatements="1" conditionals="0" coveredconditionals="0" methods="0" coveredmethods="0"/>
        <line num="1" count="1" type="stmt"/>
      </file>
    </package>
    <package name="AwesomeProject.assets.images">
      <metrics statements="2" coveredstatements="2" conditionals="0" coveredconditionals="0" methods="0" coveredmethods="0"/>
      <file name="robot-dev.png" path="/home/porpentina/cs506/CS506FinalProject/AwesomeProject/assets/images/robot-dev.png">
        <metrics statements="1" coveredstatements="1" conditionals="0" coveredconditionals="0" methods="0" coveredmethods="0"/>
        <line num="1" count="1" type="stmt"/>
      </file>
      <file name="robot-prod.png" path="/home/porpentina/cs506/CS506FinalProject/AwesomeProject/assets/images/robot-prod.png">
        <metrics statements="1" coveredstatements="1" conditionals="0" coveredconditionals="0" methods="0" coveredmethods="0"/>
        <line num="1" count="1" type="stmt"/>
      </file>
    </package>
    <package name="AwesomeProject.components">
      <metrics statements="2" coveredstatements="1" conditionals="2" coveredconditionals="0" methods="2" coveredmethods="1"/>
      <file name="StyledText.js" path="/home/porpentina/cs506/CS506FinalProject/AwesomeProject/components/StyledText.js">
        <metrics statements="1" coveredstatements="1" conditionals="0" coveredconditionals="0" methods="1" coveredmethods="1"/>
        <line num="6" count="1" type="stmt"/>
      </file>
      <file name="TabBarIcon.js" path="/home/porpentina/cs506/CS506FinalProject/AwesomeProject/components/TabBarIcon.js">
        <metrics statements="1" coveredstatements="0" conditionals="2" coveredconditionals="0" methods="1" coveredmethods="0"/>
        <line num="8" count="0" type="stmt"/>
      </file>
    </package>
    <package name="AwesomeProject.constants">
      <metrics statements="1" coveredstatements="1" conditionals="0" coveredconditionals="0" methods="0" coveredmethods="0"/>
      <file name="Colors.js" path="/home/porpentina/cs506/CS506FinalProject/AwesomeProject/constants/Colors.js">
        <metrics statements="1" coveredstatements="1" conditionals="0" coveredconditionals="0" methods="0" coveredmethods="0"/>
        <line num="1" count="2" type="stmt"/>
      </file>
    </package>
    <package name="AwesomeProject.navigation">
      <metrics statements="9" coveredstatements="6" conditionals="8" coveredconditionals="0" methods="3" coveredmethods="0"/>
      <file name="AppNavigator.js" path="/home/porpentina/cs506/CS506FinalProject/AwesomeProject/navigation/AppNavigator.js">
        <metrics statements="0" coveredstatements="0" conditionals="0" coveredconditionals="0" methods="0" coveredmethods="0"/>
      </file>
      <file name="MainTabNavigator.js" path="/home/porpentina/cs506/CS506FinalProject/AwesomeProject/navigation/MainTabNavigator.js">
        <metrics statements="9" coveredstatements="6" conditionals="8" coveredconditionals="0" methods="3" coveredmethods="0"/>
        <line num="11" count="2" type="stmt"/>
        <line num="15" count="2" type="stmt"/>
        <line num="18" count="0" type="stmt"/>
        <line num="29" count="2" type="stmt"/>
        <line num="33" count="2" type="stmt"/>
        <line num="36" count="0" type="stmt"/>
        <line num="43" count="2" type="stmt"/>
        <line num="47" count="2" type="stmt"/>
        <line num="50" count="0" type="stmt"/>
      </file>
    </package>
    <package name="AwesomeProject.screens">
      <metrics statements="75" coveredstatements="21" conditionals="10" coveredconditionals="1" methods="40" coveredmethods="11"/>
      <file name="LoginScreen.js" path="/home/porpentina/cs506/CS506FinalProject/AwesomeProject/screens/LoginScreen.js">
        <metrics statements="24" coveredstatements="4" conditionals="6" coveredconditionals="0" methods="9" coveredmethods="2"/>
        <line num="14" count="3" type="stmt"/>
        <line num="16" count="3" type="stmt"/>
        <line num="24" count="0" type="cond" truecount="0" falsecount="2"/>
        <line num="25" count="0" type="stmt"/>
        <line num="26" count="0" type="stmt"/>
        <line num="29" count="0" type="cond" truecount="0" falsecount="2"/>
        <line num="30" count="0" type="stmt"/>
        <line num="31" count="0" type="stmt"/>
        <line num="34" count="0" type="stmt"/>
        <line num="35" count="0" type="cond" truecount="0" falsecount="2"/>
        <line num="36" count="0" type="stmt"/>
        <line num="37" count="0" type="stmt"/>
        <line num="40" count="0" type="stmt"/>
        <line num="41" count="0" type="stmt"/>
        <line num="45" count="0" type="stmt"/>
        <line num="46" count="0" type="stmt"/>
        <line num="49" count="0" type="stmt"/>
        <line num="51" count="0" type="stmt"/>
        <line num="57" count="3" type="stmt"/>
        <line num="67" count="0" type="stmt"/>
        <line num="77" count="0" type="stmt"/>
        <line num="85" count="0" type="stmt"/>
        <line num="93" count="0" type="stmt"/>
        <line num="114" count="2" type="stmt"/>
      </file>
      <file name="RankingScreen.js" path="/home/porpentina/cs506/CS506FinalProject/AwesomeProject/screens/RankingScreen.js">
        <metrics statements="13" coveredstatements="4" conditionals="0" coveredconditionals="0" methods="8" coveredmethods="2"/>
        <line num="12" count="1" type="stmt"/>
        <line num="14" count="1" type="stmt"/>
        <line num="26" count="0" type="stmt"/>
        <line num="27" count="0" type="stmt"/>
        <line num="33" count="0" type="stmt"/>
        <line num="34" count="0" type="stmt"/>
        <line num="43" count="1" type="stmt"/>
        <line num="51" count="0" type="stmt"/>
        <line num="60" count="0" type="stmt"/>
        <line num="69" count="0" type="stmt"/>
        <line num="78" count="0" type="stmt"/>
        <line num="87" count="0" type="stmt"/>
        <line num="98" count="2" type="stmt"/>
      </file>
      <file name="ReviewScreen.js" path="/home/porpentina/cs506/CS506FinalProject/AwesomeProject/screens/ReviewScreen.js">
        <metrics statements="13" coveredstatements="7" conditionals="2" coveredconditionals="1" methods="9" coveredmethods="4"/>
        <line num="23" count="1" type="stmt"/>
        <line num="24" count="1" type="stmt"/>
        <line num="28" count="1" type="stmt"/>
        <line num="38" count="0" type="stmt"/>
        <line num="40" count="0" type="stmt"/>
        <line num="44" count="0" type="stmt"/>
        <line num="47" count="1" type="stmt"/>
        <line num="52" count="1" type="cond" truecount="1" falsecount="1"/>
        <line num="53" count="1" type="stmt"/>
        <line num="60" count="0" type="stmt"/>
        <line num="78" count="0" type="stmt"/>
        <line num="89" count="0" type="stmt"/>
        <line num="99" count="2" type="stmt"/>
      </file>
      <file name="SettingsScreen.js" path="/home/porpentina/cs506/CS506FinalProject/AwesomeProject/screens/SettingsScreen.js">
        <metrics statements="6" coveredstatements="2" conditionals="0" coveredconditionals="0" methods="5" coveredmethods="1"/>
        <line num="13" count="0" type="stmt"/>
        <line num="15" count="0" type="stmt"/>
        <line num="18" count="0" type="stmt"/>
        <line num="24" count="1" type="stmt"/>
        <line num="31" count="0" type="stmt"/>
        <line num="42" count="2" type="stmt"/>
      </file>
      <file name="SignUpScreen.js" path="/home/porpentina/cs506/CS506FinalProject/AwesomeProject/screens/SignUpScreen.js">
        <metrics statements="19" coveredstatements="4" conditionals="2" coveredconditionals="0" methods="9" coveredmethods="2"/>
        <line num="13" count="1" type="stmt"/>
        <line num="15" count="1" type="stmt"/>
        <line num="23" count="0" type="stmt"/>
        <line num="24" count="0" type="cond" truecount="0" falsecount="2"/>
        <line num="25" count="0" type="stmt"/>
        <line num="26" count="0" type="stmt"/>
        <line num="29" count="0" type="stmt"/>
        <line num="30" count="0" type="stmt"/>
        <line num="31" count="0" type="stmt"/>
        <line num="32" count="0" type="stmt"/>
        <line num="38" count="0" type="stmt"/>
        <line num="42" count="0" type="stmt"/>
        <line num="62" count="1" type="stmt"/>
        <line num="71" count="0" type="stmt"/>
        <line num="79" count="0" type="stmt"/>
        <line num="89" count="0" type="stmt"/>
        <line num="97" count="0" type="stmt"/>
        <line num="105" count="0" type="stmt"/>
        <line num="129" count="2" type="stmt"/>
      </file>
    </package>
  </project>
</coverage>
