{"/home/porpentina/cs506/CS506FinalProject/AwesomeProject/App.js": {"path":"/home/porpentina/cs506/CS506FinalProject/AwesomeProject/App.js","statementMap":{"0":{"start":{"line":8,"column":13},"end":{"line":14,"column":1}},"1":{"start":{"line":16,"column":0},"end":{"line":16,"column":31}},"2":{"start":{"line":18,"column":0},"end":{"line":18,"column":30}},"3":{"start":{"line":20,"column":16},"end":{"line":20,"column":36}},"4":{"start":{"line":22,"column":14},"end":{"line":22,"column":59}},"5":{"start":{"line":23,"column":0},"end":{"line":23,"column":10}},"6":{"start":{"line":31,"column":4},"end":{"line":46,"column":5}},"7":{"start":{"line":32,"column":6},"end":{"line":38,"column":8}},"8":{"start":{"line":40,"column":6},"end":{"line":45,"column":8}},"9":{"start":{"line":50,"column":4},"end":{"line":62,"column":7}},"10":{"start":{"line":68,"column":4},"end":{"line":68,"column":24}},"11":{"start":{"line":72,"column":4},"end":{"line":72,"column":47}},"12":{"start":{"line":76,"column":15},"end":{"line":81,"column":2}}},"fnMap":{"0":{"name":"(anonymous_0)","decl":{"start":{"line":30,"column":2},"end":{"line":30,"column":3}},"loc":{"start":{"line":30,"column":11},"end":{"line":47,"column":3}},"line":30},"1":{"name":"(anonymous_1)","decl":{"start":{"line":49,"column":24},"end":{"line":49,"column":25}},"loc":{"start":{"line":49,"column":36},"end":{"line":63,"column":3}},"line":49},"2":{"name":"(anonymous_2)","decl":{"start":{"line":65,"column":24},"end":{"line":65,"column":25}},"loc":{"start":{"line":65,"column":33},"end":{"line":69,"column":3}},"line":65},"3":{"name":"(anonymous_3)","decl":{"start":{"line":71,"column":25},"end":{"line":71,"column":26}},"loc":{"start":{"line":71,"column":31},"end":{"line":73,"column":3}},"line":71}},"branchMap":{"0":{"loc":{"start":{"line":31,"column":4},"end":{"line":46,"column":5}},"type":"if","locations":[{"start":{"line":31,"column":4},"end":{"line":46,"column":5}},{"start":{"line":31,"column":4},"end":{"line":46,"column":5}}],"line":31},"1":{"loc":{"start":{"line":31,"column":8},"end":{"line":31,"column":70}},"type":"binary-expr","locations":[{"start":{"line":31,"column":8},"end":{"line":31,"column":37}},{"start":{"line":31,"column":41},"end":{"line":31,"column":70}}],"line":31},"2":{"loc":{"start":{"line":42,"column":11},"end":{"line":42,"column":68}},"type":"binary-expr","locations":[{"start":{"line":42,"column":11},"end":{"line":42,"column":32}},{"start":{"line":42,"column":36},"end":{"line":42,"column":68}}],"line":42}},"s":{"0":2,"1":2,"2":2,"3":2,"4":2,"5":2,"6":3,"7":1,"8":2,"9":1,"10":0,"11":1,"12":2},"f":{"0":3,"1":1,"2":0,"3":1},"b":{"0":[1,2],"1":[3,2],"2":[2,2]},"_coverageSchema":"43e27e138ebf9cfc5966b082cf9a028302ed4184","hash":"89a273f0029e7bfc28345427177f57a0df3326e3"}
,"/home/porpentina/cs506/CS506FinalProject/AwesomeProject/assets/fonts/SpaceMono-Regular.ttf": {"path":"/home/porpentina/cs506/CS506FinalProject/AwesomeProject/assets/fonts/SpaceMono-Regular.ttf","statementMap":{"0":{"start":{"line":1,"column":0},"end":{"line":1,"column":19}}},"fnMap":{},"branchMap":{},"s":{"0":1},"f":{},"b":{},"_coverageSchema":"43e27e138ebf9cfc5966b082cf9a028302ed4184","hash":"a29839fc1b70ed88eb57890e3cfce1d8eadda47e"}
,"/home/porpentina/cs506/CS506FinalProject/AwesomeProject/assets/images/robot-dev.png": {"path":"/home/porpentina/cs506/CS506FinalProject/AwesomeProject/assets/images/robot-dev.png","statementMap":{"0":{"start":{"line":1,"column":0},"end":{"line":1,"column":19}}},"fnMap":{},"branchMap":{},"s":{"0":1},"f":{},"b":{},"_coverageSchema":"43e27e138ebf9cfc5966b082cf9a028302ed4184","hash":"2c8d3b6e5838e75d5429430f452313c0d4b07279"}
,"/home/porpentina/cs506/CS506FinalProject/AwesomeProject/assets/images/robot-prod.png": {"path":"/home/porpentina/cs506/CS506FinalProject/AwesomeProject/assets/images/robot-prod.png","statementMap":{"0":{"start":{"line":1,"column":0},"end":{"line":1,"column":19}}},"fnMap":{},"branchMap":{},"s":{"0":1},"f":{},"b":{},"_coverageSchema":"43e27e138ebf9cfc5966b082cf9a028302ed4184","hash":"ffe43b22f15006dbf7aaf1b1799050758912678f"}
,"/home/porpentina/cs506/CS506FinalProject/AwesomeProject/components/StyledText.js": {"path":"/home/porpentina/cs506/CS506FinalProject/AwesomeProject/components/StyledText.js","statementMap":{"0":{"start":{"line":6,"column":4},"end":{"line":6,"column":93}}},"fnMap":{"0":{"name":"(anonymous_0)","decl":{"start":{"line":5,"column":2},"end":{"line":5,"column":3}},"loc":{"start":{"line":5,"column":11},"end":{"line":7,"column":3}},"line":5}},"branchMap":{},"s":{"0":1},"f":{"0":1},"b":{},"_coverageSchema":"43e27e138ebf9cfc5966b082cf9a028302ed4184","hash":"5dbef7be8df90954eab0fecf3a349e6141ad742b"}
,"/home/porpentina/cs506/CS506FinalProject/AwesomeProject/components/TabBarIcon.js": {"path":"/home/porpentina/cs506/CS506FinalProject/AwesomeProject/components/TabBarIcon.js","statementMap":{"0":{"start":{"line":8,"column":4},"end":{"line":15,"column":6}}},"fnMap":{"0":{"name":"(anonymous_0)","decl":{"start":{"line":7,"column":2},"end":{"line":7,"column":3}},"loc":{"start":{"line":7,"column":11},"end":{"line":16,"column":3}},"line":7}},"branchMap":{"0":{"loc":{"start":{"line":13,"column":15},"end":{"line":13,"column":82}},"type":"cond-expr","locations":[{"start":{"line":13,"column":36},"end":{"line":13,"column":58}},{"start":{"line":13,"column":61},"end":{"line":13,"column":82}}],"line":13}},"s":{"0":0},"f":{"0":0},"b":{"0":[0,0]},"_coverageSchema":"43e27e138ebf9cfc5966b082cf9a028302ed4184","hash":"33b2668de25fb4e87af9c33535617778e0fd655c"}
,"/home/porpentina/cs506/CS506FinalProject/AwesomeProject/constants/Colors.js": {"path":"/home/porpentina/cs506/CS506FinalProject/AwesomeProject/constants/Colors.js","statementMap":{"0":{"start":{"line":1,"column":18},"end":{"line":1,"column":27}}},"fnMap":{},"branchMap":{},"s":{"0":2},"f":{},"b":{},"_coverageSchema":"43e27e138ebf9cfc5966b082cf9a028302ed4184","hash":"752dea52385cecef67a1fd53ccb86f6ce6d5fb8b"}
,"/home/porpentina/cs506/CS506FinalProject/AwesomeProject/navigation/AppNavigator.js": {"path":"/home/porpentina/cs506/CS506FinalProject/AwesomeProject/navigation/AppNavigator.js","statementMap":{},"fnMap":{},"branchMap":{},"s":{},"f":{},"b":{},"_coverageSchema":"43e27e138ebf9cfc5966b082cf9a028302ed4184","hash":"b70cfe87b69981d7bd57a0805702da5633e802d1"}
,"/home/porpentina/cs506/CS506FinalProject/AwesomeProject/navigation/MainTabNavigator.js": {"path":"/home/porpentina/cs506/CS506FinalProject/AwesomeProject/navigation/MainTabNavigator.js","statementMap":{"0":{"start":{"line":11,"column":20},"end":{"line":13,"column":2}},"1":{"start":{"line":15,"column":0},"end":{"line":27,"column":2}},"2":{"start":{"line":18,"column":4},"end":{"line":25,"column":6}},"3":{"start":{"line":29,"column":21},"end":{"line":31,"column":2}},"4":{"start":{"line":33,"column":0},"end":{"line":41,"column":2}},"5":{"start":{"line":36,"column":4},"end":{"line":39,"column":6}},"6":{"start":{"line":43,"column":22},"end":{"line":45,"column":2}},"7":{"start":{"line":47,"column":0},"end":{"line":55,"column":2}},"8":{"start":{"line":50,"column":4},"end":{"line":53,"column":6}}},"fnMap":{"0":{"name":"(anonymous_0)","decl":{"start":{"line":17,"column":14},"end":{"line":17,"column":15}},"loc":{"start":{"line":18,"column":4},"end":{"line":25,"column":6}},"line":18},"1":{"name":"(anonymous_1)","decl":{"start":{"line":35,"column":14},"end":{"line":35,"column":15}},"loc":{"start":{"line":36,"column":4},"end":{"line":39,"column":6}},"line":36},"2":{"name":"(anonymous_2)","decl":{"start":{"line":49,"column":14},"end":{"line":49,"column":15}},"loc":{"start":{"line":50,"column":4},"end":{"line":53,"column":6}},"line":50}},"branchMap":{"0":{"loc":{"start":{"line":21,"column":8},"end":{"line":23,"column":21}},"type":"cond-expr","locations":[{"start":{"line":22,"column":12},"end":{"line":22,"column":50}},{"start":{"line":23,"column":12},"end":{"line":23,"column":21}}],"line":21},"1":{"loc":{"start":{"line":22,"column":23},"end":{"line":22,"column":48}},"type":"cond-expr","locations":[{"start":{"line":22,"column":33},"end":{"line":22,"column":35}},{"start":{"line":22,"column":38},"end":{"line":22,"column":48}}],"line":22},"2":{"loc":{"start":{"line":38,"column":12},"end":{"line":38,"column":58}},"type":"cond-expr","locations":[{"start":{"line":38,"column":36},"end":{"line":38,"column":46}},{"start":{"line":38,"column":49},"end":{"line":38,"column":58}}],"line":38},"3":{"loc":{"start":{"line":52,"column":12},"end":{"line":52,"column":64}},"type":"cond-expr","locations":[{"start":{"line":52,"column":36},"end":{"line":52,"column":49}},{"start":{"line":52,"column":52},"end":{"line":52,"column":64}}],"line":52}},"s":{"0":2,"1":2,"2":0,"3":2,"4":2,"5":0,"6":2,"7":2,"8":0},"f":{"0":0,"1":0,"2":0},"b":{"0":[0,0],"1":[0,0],"2":[0,0],"3":[0,0]},"_coverageSchema":"43e27e138ebf9cfc5966b082cf9a028302ed4184","hash":"fc7204b6d85038ee056b1fceef1e77d9e2d22103"}
,"/home/porpentina/cs506/CS506FinalProject/AwesomeProject/screens/LoginScreen.js": {"path":"/home/porpentina/cs506/CS506FinalProject/AwesomeProject/screens/LoginScreen.js","statementMap":{"0":{"start":{"line":14,"column":4},"end":{"line":14,"column":16}},"1":{"start":{"line":16,"column":4},"end":{"line":19,"column":6}},"2":{"start":{"line":24,"column":2},"end":{"line":27,"column":3}},"3":{"start":{"line":25,"column":4},"end":{"line":25,"column":42}},"4":{"start":{"line":26,"column":4},"end":{"line":26,"column":11}},"5":{"start":{"line":29,"column":2},"end":{"line":32,"column":3}},"6":{"start":{"line":30,"column":4},"end":{"line":30,"column":42}},"7":{"start":{"line":31,"column":4},"end":{"line":31,"column":11}},"8":{"start":{"line":34,"column":19},"end":{"line":34,"column":66}},"9":{"start":{"line":35,"column":2},"end":{"line":38,"column":3}},"10":{"start":{"line":36,"column":4},"end":{"line":36,"column":33}},"11":{"start":{"line":37,"column":4},"end":{"line":37,"column":11}},"12":{"start":{"line":40,"column":4},"end":{"line":52,"column":5}},"13":{"start":{"line":41,"column":6},"end":{"line":49,"column":74}},"14":{"start":{"line":45,"column":8},"end":{"line":45,"column":25}},"15":{"start":{"line":46,"column":8},"end":{"line":46,"column":49}},"16":{"start":{"line":49,"column":22},"end":{"line":49,"column":72}},"17":{"start":{"line":51,"column":6},"end":{"line":51,"column":27}},"18":{"start":{"line":57,"column":4},"end":{"line":109,"column":6}},"19":{"start":{"line":67,"column":39},"end":{"line":67,"column":61}},"20":{"start":{"line":77,"column":42},"end":{"line":77,"column":67}},"21":{"start":{"line":85,"column":26},"end":{"line":85,"column":85}},"22":{"start":{"line":93,"column":28},"end":{"line":93,"column":68}},"23":{"start":{"line":114,"column":15},"end":{"line":148,"column":2}}},"fnMap":{"0":{"name":"(anonymous_0)","decl":{"start":{"line":13,"column":2},"end":{"line":13,"column":3}},"loc":{"start":{"line":13,"column":20},"end":{"line":20,"column":3}},"line":13},"1":{"name":"(anonymous_1)","decl":{"start":{"line":22,"column":12},"end":{"line":22,"column":13}},"loc":{"start":{"line":22,"column":41},"end":{"line":53,"column":1}},"line":22},"2":{"name":"(anonymous_2)","decl":{"start":{"line":44,"column":12},"end":{"line":44,"column":13}},"loc":{"start":{"line":44,"column":28},"end":{"line":48,"column":7}},"line":44},"3":{"name":"(anonymous_3)","decl":{"start":{"line":49,"column":13},"end":{"line":49,"column":14}},"loc":{"start":{"line":49,"column":22},"end":{"line":49,"column":72}},"line":49},"4":{"name":"(anonymous_4)","decl":{"start":{"line":55,"column":0},"end":{"line":55,"column":1}},"loc":{"start":{"line":55,"column":9},"end":{"line":110,"column":3}},"line":55},"5":{"name":"(anonymous_5)","decl":{"start":{"line":67,"column":28},"end":{"line":67,"column":29}},"loc":{"start":{"line":67,"column":39},"end":{"line":67,"column":61}},"line":67},"6":{"name":"(anonymous_6)","decl":{"start":{"line":77,"column":28},"end":{"line":77,"column":29}},"loc":{"start":{"line":77,"column":42},"end":{"line":77,"column":67}},"line":77},"7":{"name":"(anonymous_7)","decl":{"start":{"line":85,"column":21},"end":{"line":85,"column":22}},"loc":{"start":{"line":85,"column":26},"end":{"line":85,"column":85}},"line":85},"8":{"name":"(anonymous_8)","decl":{"start":{"line":93,"column":23},"end":{"line":93,"column":24}},"loc":{"start":{"line":93,"column":28},"end":{"line":93,"column":68}},"line":93}},"branchMap":{"0":{"loc":{"start":{"line":24,"column":2},"end":{"line":27,"column":3}},"type":"if","locations":[{"start":{"line":24,"column":2},"end":{"line":27,"column":3}},{"start":{"line":24,"column":2},"end":{"line":27,"column":3}}],"line":24},"1":{"loc":{"start":{"line":29,"column":2},"end":{"line":32,"column":3}},"type":"if","locations":[{"start":{"line":29,"column":2},"end":{"line":32,"column":3}},{"start":{"line":29,"column":2},"end":{"line":32,"column":3}}],"line":29},"2":{"loc":{"start":{"line":35,"column":2},"end":{"line":38,"column":3}},"type":"if","locations":[{"start":{"line":35,"column":2},"end":{"line":38,"column":3}},{"start":{"line":35,"column":2},"end":{"line":38,"column":3}}],"line":35}},"s":{"0":3,"1":3,"2":0,"3":0,"4":0,"5":0,"6":0,"7":0,"8":0,"9":0,"10":0,"11":0,"12":0,"13":0,"14":0,"15":0,"16":0,"17":0,"18":3,"19":0,"20":0,"21":0,"22":0,"23":2},"f":{"0":3,"1":0,"2":0,"3":0,"4":3,"5":0,"6":0,"7":0,"8":0},"b":{"0":[0,0],"1":[0,0],"2":[0,0]},"_coverageSchema":"43e27e138ebf9cfc5966b082cf9a028302ed4184","hash":"b02d98943fed15df7c09782f2121da802d4b23ac"}
,"/home/porpentina/cs506/CS506FinalProject/AwesomeProject/screens/RankingScreen.js": {"path":"/home/porpentina/cs506/CS506FinalProject/AwesomeProject/screens/RankingScreen.js","statementMap":{"0":{"start":{"line":12,"column":4},"end":{"line":12,"column":16}},"1":{"start":{"line":14,"column":4},"end":{"line":21,"column":6}},"2":{"start":{"line":26,"column":14},"end":{"line":26,"column":45}},"3":{"start":{"line":27,"column":4},"end":{"line":30,"column":6}},"4":{"start":{"line":33,"column":17},"end":{"line":33,"column":57}},"5":{"start":{"line":34,"column":4},"end":{"line":39,"column":6}},"6":{"start":{"line":43,"column":4},"end":{"line":94,"column":6}},"7":{"start":{"line":51,"column":26},"end":{"line":51,"column":38}},"8":{"start":{"line":60,"column":26},"end":{"line":60,"column":38}},"9":{"start":{"line":69,"column":26},"end":{"line":69,"column":38}},"10":{"start":{"line":78,"column":26},"end":{"line":78,"column":38}},"11":{"start":{"line":87,"column":26},"end":{"line":87,"column":38}},"12":{"start":{"line":98,"column":15},"end":{"line":125,"column":2}}},"fnMap":{"0":{"name":"(anonymous_0)","decl":{"start":{"line":11,"column":2},"end":{"line":11,"column":3}},"loc":{"start":{"line":11,"column":20},"end":{"line":22,"column":3}},"line":11},"1":{"name":"(anonymous_1)","decl":{"start":{"line":24,"column":9},"end":{"line":24,"column":10}},"loc":{"start":{"line":24,"column":19},"end":{"line":40,"column":3}},"line":24},"2":{"name":"(anonymous_2)","decl":{"start":{"line":42,"column":2},"end":{"line":42,"column":3}},"loc":{"start":{"line":42,"column":11},"end":{"line":95,"column":3}},"line":42},"3":{"name":"(anonymous_3)","decl":{"start":{"line":51,"column":21},"end":{"line":51,"column":22}},"loc":{"start":{"line":51,"column":26},"end":{"line":51,"column":38}},"line":51},"4":{"name":"(anonymous_4)","decl":{"start":{"line":60,"column":21},"end":{"line":60,"column":22}},"loc":{"start":{"line":60,"column":26},"end":{"line":60,"column":38}},"line":60},"5":{"name":"(anonymous_5)","decl":{"start":{"line":69,"column":21},"end":{"line":69,"column":22}},"loc":{"start":{"line":69,"column":26},"end":{"line":69,"column":38}},"line":69},"6":{"name":"(anonymous_6)","decl":{"start":{"line":78,"column":21},"end":{"line":78,"column":22}},"loc":{"start":{"line":78,"column":26},"end":{"line":78,"column":38}},"line":78},"7":{"name":"(anonymous_7)","decl":{"start":{"line":87,"column":21},"end":{"line":87,"column":22}},"loc":{"start":{"line":87,"column":26},"end":{"line":87,"column":38}},"line":87}},"branchMap":{},"s":{"0":1,"1":1,"2":0,"3":0,"4":0,"5":0,"6":1,"7":0,"8":0,"9":0,"10":0,"11":0,"12":2},"f":{"0":1,"1":0,"2":1,"3":0,"4":0,"5":0,"6":0,"7":0},"b":{},"_coverageSchema":"43e27e138ebf9cfc5966b082cf9a028302ed4184","hash":"abe742dabd7c1eee915e3fba479fb82193186638"}
,"/home/porpentina/cs506/CS506FinalProject/AwesomeProject/screens/ReviewScreen.js": {"path":"/home/porpentina/cs506/CS506FinalProject/AwesomeProject/screens/ReviewScreen.js","statementMap":{"0":{"start":{"line":23,"column":4},"end":{"line":23,"column":17}},"1":{"start":{"line":24,"column":4},"end":{"line":24,"column":34}},"2":{"start":{"line":28,"column":4},"end":{"line":48,"column":7}},"3":{"start":{"line":38,"column":26},"end":{"line":38,"column":41}},"4":{"start":{"line":40,"column":6},"end":{"line":45,"column":9}},"5":{"start":{"line":44,"column":7},"end":{"line":44,"column":33}},"6":{"start":{"line":47,"column":6},"end":{"line":47,"column":27}},"7":{"start":{"line":52,"column":4},"end":{"line":58,"column":5}},"8":{"start":{"line":53,"column":6},"end":{"line":57,"column":7}},"9":{"start":{"line":60,"column":4},"end":{"line":92,"column":6}},"10":{"start":{"line":78,"column":34},"end":{"line":78,"column":77}},"11":{"start":{"line":89,"column":34},"end":{"line":89,"column":77}},"12":{"start":{"line":99,"column":15},"end":{"line":116,"column":2}}},"fnMap":{"0":{"name":"(anonymous_0)","decl":{"start":{"line":22,"column":2},"end":{"line":22,"column":3}},"loc":{"start":{"line":22,"column":20},"end":{"line":25,"column":3}},"line":22},"1":{"name":"(anonymous_1)","decl":{"start":{"line":27,"column":2},"end":{"line":27,"column":3}},"loc":{"start":{"line":27,"column":21},"end":{"line":49,"column":3}},"line":27},"2":{"name":"(anonymous_2)","decl":{"start":{"line":38,"column":12},"end":{"line":38,"column":13}},"loc":{"start":{"line":38,"column":26},"end":{"line":38,"column":41}},"line":38},"3":{"name":"(anonymous_3)","decl":{"start":{"line":39,"column":10},"end":{"line":39,"column":11}},"loc":{"start":{"line":39,"column":28},"end":{"line":46,"column":5}},"line":39},"4":{"name":"(anonymous_4)","decl":{"start":{"line":43,"column":9},"end":{"line":43,"column":10}},"loc":{"start":{"line":43,"column":19},"end":{"line":45,"column":7}},"line":43},"5":{"name":"(anonymous_5)","decl":{"start":{"line":46,"column":13},"end":{"line":46,"column":14}},"loc":{"start":{"line":46,"column":23},"end":{"line":48,"column":5}},"line":46},"6":{"name":"(anonymous_6)","decl":{"start":{"line":51,"column":2},"end":{"line":51,"column":3}},"loc":{"start":{"line":51,"column":11},"end":{"line":93,"column":3}},"line":51},"7":{"name":"(anonymous_7)","decl":{"start":{"line":78,"column":22},"end":{"line":78,"column":23}},"loc":{"start":{"line":78,"column":34},"end":{"line":78,"column":77}},"line":78},"8":{"name":"(anonymous_8)","decl":{"start":{"line":89,"column":22},"end":{"line":89,"column":23}},"loc":{"start":{"line":89,"column":34},"end":{"line":89,"column":77}},"line":89}},"branchMap":{"0":{"loc":{"start":{"line":52,"column":4},"end":{"line":58,"column":5}},"type":"if","locations":[{"start":{"line":52,"column":4},"end":{"line":58,"column":5}},{"start":{"line":52,"column":4},"end":{"line":58,"column":5}}],"line":52}},"s":{"0":1,"1":1,"2":1,"3":0,"4":0,"5":0,"6":1,"7":1,"8":1,"9":0,"10":0,"11":0,"12":2},"f":{"0":1,"1":1,"2":0,"3":0,"4":0,"5":1,"6":1,"7":0,"8":0},"b":{"0":[1,0]},"_coverageSchema":"43e27e138ebf9cfc5966b082cf9a028302ed4184","hash":"d8f5630c882cff12f219c913876b9468f979e715"}
,"/home/porpentina/cs506/CS506FinalProject/AwesomeProject/screens/SettingsScreen.js": {"path":"/home/porpentina/cs506/CS506FinalProject/AwesomeProject/screens/SettingsScreen.js","statementMap":{"0":{"start":{"line":13,"column":4},"end":{"line":19,"column":7}},"1":{"start":{"line":15,"column":6},"end":{"line":15,"column":48}},"2":{"start":{"line":18,"column":6},"end":{"line":18,"column":18}},"3":{"start":{"line":24,"column":4},"end":{"line":38,"column":6}},"4":{"start":{"line":31,"column":26},"end":{"line":31,"column":44}},"5":{"start":{"line":42,"column":15},"end":{"line":56,"column":2}}},"fnMap":{"0":{"name":"(anonymous_0)","decl":{"start":{"line":12,"column":12},"end":{"line":12,"column":13}},"loc":{"start":{"line":12,"column":25},"end":{"line":20,"column":3}},"line":12},"1":{"name":"(anonymous_1)","decl":{"start":{"line":13,"column":35},"end":{"line":13,"column":36}},"loc":{"start":{"line":13,"column":46},"end":{"line":16,"column":5}},"line":13},"2":{"name":"(anonymous_2)","decl":{"start":{"line":16,"column":13},"end":{"line":16,"column":14}},"loc":{"start":{"line":16,"column":29},"end":{"line":19,"column":5}},"line":16},"3":{"name":"(anonymous_3)","decl":{"start":{"line":23,"column":2},"end":{"line":23,"column":3}},"loc":{"start":{"line":23,"column":11},"end":{"line":39,"column":3}},"line":23},"4":{"name":"(anonymous_4)","decl":{"start":{"line":31,"column":21},"end":{"line":31,"column":22}},"loc":{"start":{"line":31,"column":26},"end":{"line":31,"column":44}},"line":31}},"branchMap":{},"s":{"0":0,"1":0,"2":0,"3":1,"4":0,"5":2},"f":{"0":0,"1":0,"2":0,"3":1,"4":0},"b":{},"_coverageSchema":"43e27e138ebf9cfc5966b082cf9a028302ed4184","hash":"e5c802f0b270344a7b7ff19b7122202a125d3dec"}
,"/home/porpentina/cs506/CS506FinalProject/AwesomeProject/screens/SignUpScreen.js": {"path":"/home/porpentina/cs506/CS506FinalProject/AwesomeProject/screens/SignUpScreen.js","statementMap":{"0":{"start":{"line":13,"column":8},"end":{"line":13,"column":20}},"1":{"start":{"line":15,"column":8},"end":{"line":19,"column":10}},"2":{"start":{"line":23,"column":8},"end":{"line":43,"column":9}},"3":{"start":{"line":24,"column":12},"end":{"line":27,"column":13}},"4":{"start":{"line":25,"column":16},"end":{"line":25,"column":59}},"5":{"start":{"line":26,"column":16},"end":{"line":26,"column":23}},"6":{"start":{"line":29,"column":12},"end":{"line":39,"column":14}},"7":{"start":{"line":30,"column":26},"end":{"line":30,"column":57}},"8":{"start":{"line":31,"column":32},"end":{"line":31,"column":34}},"9":{"start":{"line":32,"column":16},"end":{"line":36,"column":18}},"10":{"start":{"line":38,"column":16},"end":{"line":38,"column":57}},"11":{"start":{"line":42,"column":12},"end":{"line":42,"column":33}},"12":{"start":{"line":62,"column":8},"end":{"line":123,"column":10}},"13":{"start":{"line":71,"column":52},"end":{"line":71,"column":75}},"14":{"start":{"line":79,"column":53},"end":{"line":79,"column":77}},"15":{"start":{"line":89,"column":56},"end":{"line":89,"column":83}},"16":{"start":{"line":97,"column":39},"end":{"line":97,"column":116}},"17":{"start":{"line":105,"column":43},"end":{"line":105,"column":82}},"18":{"start":{"line":129,"column":15},"end":{"line":163,"column":2}}},"fnMap":{"0":{"name":"(anonymous_0)","decl":{"start":{"line":12,"column":4},"end":{"line":12,"column":5}},"loc":{"start":{"line":12,"column":23},"end":{"line":20,"column":5}},"line":12},"1":{"name":"(anonymous_1)","decl":{"start":{"line":22,"column":17},"end":{"line":22,"column":18}},"loc":{"start":{"line":22,"column":53},"end":{"line":44,"column":5}},"line":22},"2":{"name":"(anonymous_2)","decl":{"start":{"line":29,"column":81},"end":{"line":29,"column":82}},"loc":{"start":{"line":29,"column":93},"end":{"line":39,"column":13}},"line":29},"3":{"name":"(anonymous_3)","decl":{"start":{"line":61,"column":4},"end":{"line":61,"column":5}},"loc":{"start":{"line":61,"column":13},"end":{"line":124,"column":5}},"line":61},"4":{"name":"(anonymous_4)","decl":{"start":{"line":71,"column":42},"end":{"line":71,"column":43}},"loc":{"start":{"line":71,"column":52},"end":{"line":71,"column":75}},"line":71},"5":{"name":"(anonymous_5)","decl":{"start":{"line":79,"column":42},"end":{"line":79,"column":43}},"loc":{"start":{"line":79,"column":53},"end":{"line":79,"column":77}},"line":79},"6":{"name":"(anonymous_6)","decl":{"start":{"line":89,"column":42},"end":{"line":89,"column":43}},"loc":{"start":{"line":89,"column":56},"end":{"line":89,"column":83}},"line":89},"7":{"name":"(anonymous_7)","decl":{"start":{"line":97,"column":33},"end":{"line":97,"column":34}},"loc":{"start":{"line":97,"column":39},"end":{"line":97,"column":116}},"line":97},"8":{"name":"(anonymous_8)","decl":{"start":{"line":105,"column":37},"end":{"line":105,"column":38}},"loc":{"start":{"line":105,"column":43},"end":{"line":105,"column":82}},"line":105}},"branchMap":{"0":{"loc":{"start":{"line":24,"column":12},"end":{"line":27,"column":13}},"type":"if","locations":[{"start":{"line":24,"column":12},"end":{"line":27,"column":13}},{"start":{"line":24,"column":12},"end":{"line":27,"column":13}}],"line":24}},"s":{"0":1,"1":1,"2":0,"3":0,"4":0,"5":0,"6":0,"7":0,"8":0,"9":0,"10":0,"11":0,"12":1,"13":0,"14":0,"15":0,"16":0,"17":0,"18":2},"f":{"0":1,"1":0,"2":0,"3":1,"4":0,"5":0,"6":0,"7":0,"8":0},"b":{"0":[0,0]},"_coverageSchema":"43e27e138ebf9cfc5966b082cf9a028302ed4184","hash":"8012641ff9d4937c55654ca5cae5cec0ddcf5b62"}
}
