TN:
SF:/home/porpentina/cs506/CS506FinalProject/AwesomeProject/App.js
FN:30,(anonymous_0)
FN:49,(anonymous_1)
FN:65,(anonymous_2)
FN:71,(anonymous_3)
FNF:4
FNH:3
FNDA:3,(anonymous_0)
FNDA:1,(anonymous_1)
FNDA:0,(anonymous_2)
FNDA:1,(anonymous_3)
DA:8,2
DA:16,2
DA:18,2
DA:20,2
DA:22,2
DA:23,2
DA:31,3
DA:32,1
DA:40,2
DA:50,1
DA:68,0
DA:72,1
DA:76,2
LF:13
LH:12
BRDA:31,0,0,1
BRDA:31,0,1,2
BRDA:31,1,0,3
BRDA:31,1,1,2
BRDA:42,2,0,2
BRDA:42,2,1,2
BRF:6
BRH:6
end_of_record
TN:
SF:/home/porpentina/cs506/CS506FinalProject/AwesomeProject/assets/fonts/SpaceMono-Regular.ttf
FNF:0
FNH:0
DA:1,1
LF:1
LH:1
BRF:0
BRH:0
end_of_record
TN:
SF:/home/porpentina/cs506/CS506FinalProject/AwesomeProject/assets/images/robot-dev.png
FNF:0
FNH:0
DA:1,1
LF:1
LH:1
BRF:0
BRH:0
end_of_record
TN:
SF:/home/porpentina/cs506/CS506FinalProject/AwesomeProject/assets/images/robot-prod.png
FNF:0
FNH:0
DA:1,1
LF:1
LH:1
BRF:0
BRH:0
end_of_record
TN:
SF:/home/porpentina/cs506/CS506FinalProject/AwesomeProject/components/StyledText.js
FN:5,(anonymous_0)
FNF:1
FNH:1
FNDA:1,(anonymous_0)
DA:6,1
LF:1
LH:1
BRF:0
BRH:0
end_of_record
TN:
SF:/home/porpentina/cs506/CS506FinalProject/AwesomeProject/components/TabBarIcon.js
FN:7,(anonymous_0)
FNF:1
FNH:0
FNDA:0,(anonymous_0)
DA:8,0
LF:1
LH:0
BRDA:13,0,0,0
BRDA:13,0,1,0
BRF:2
BRH:0
end_of_record
TN:
SF:/home/porpentina/cs506/CS506FinalProject/AwesomeProject/constants/Colors.js
FNF:0
FNH:0
DA:1,2
LF:1
LH:1
BRF:0
BRH:0
end_of_record
TN:
SF:/home/porpentina/cs506/CS506FinalProject/AwesomeProject/navigation/AppNavigator.js
FNF:0
FNH:0
LF:0
LH:0
BRF:0
BRH:0
end_of_record
TN:
SF:/home/porpentina/cs506/CS506FinalProject/AwesomeProject/navigation/MainTabNavigator.js
FN:17,(anonymous_0)
FN:35,(anonymous_1)
FN:49,(anonymous_2)
FNF:3
FNH:0
FNDA:0,(anonymous_0)
FNDA:0,(anonymous_1)
FNDA:0,(anonymous_2)
DA:11,2
DA:15,2
DA:18,0
DA:29,2
DA:33,2
DA:36,0
DA:43,2
DA:47,2
DA:50,0
LF:9
LH:6
BRDA:21,0,0,0
BRDA:21,0,1,0
BRDA:22,1,0,0
BRDA:22,1,1,0
BRDA:38,2,0,0
BRDA:38,2,1,0
BRDA:52,3,0,0
BRDA:52,3,1,0
BRF:8
BRH:0
end_of_record
TN:
SF:/home/porpentina/cs506/CS506FinalProject/AwesomeProject/screens/LoginScreen.js
FN:13,(anonymous_0)
FN:22,(anonymous_1)
FN:44,(anonymous_2)
FN:49,(anonymous_3)
FN:55,(anonymous_4)
FN:67,(anonymous_5)
FN:77,(anonymous_6)
FN:85,(anonymous_7)
FN:93,(anonymous_8)
FNF:9
FNH:2
FNDA:3,(anonymous_0)
FNDA:0,(anonymous_1)
FNDA:0,(anonymous_2)
FNDA:0,(anonymous_3)
FNDA:3,(anonymous_4)
FNDA:0,(anonymous_5)
FNDA:0,(anonymous_6)
FNDA:0,(anonymous_7)
FNDA:0,(anonymous_8)
DA:14,3
DA:16,3
DA:24,0
DA:25,0
DA:26,0
DA:29,0
DA:30,0
DA:31,0
DA:34,0
DA:35,0
DA:36,0
DA:37,0
DA:40,0
DA:41,0
DA:45,0
DA:46,0
DA:49,0
DA:51,0
DA:57,3
DA:67,0
DA:77,0
DA:85,0
DA:93,0
DA:114,2
LF:24
LH:4
BRDA:24,0,0,0
BRDA:24,0,1,0
BRDA:29,1,0,0
BRDA:29,1,1,0
BRDA:35,2,0,0
BRDA:35,2,1,0
BRF:6
BRH:0
end_of_record
TN:
SF:/home/porpentina/cs506/CS506FinalProject/AwesomeProject/screens/RankingScreen.js
FN:11,(anonymous_0)
FN:24,(anonymous_1)
FN:42,(anonymous_2)
FN:51,(anonymous_3)
FN:60,(anonymous_4)
FN:69,(anonymous_5)
FN:78,(anonymous_6)
FN:87,(anonymous_7)
FNF:8
FNH:2
FNDA:1,(anonymous_0)
FNDA:0,(anonymous_1)
FNDA:1,(anonymous_2)
FNDA:0,(anonymous_3)
FNDA:0,(anonymous_4)
FNDA:0,(anonymous_5)
FNDA:0,(anonymous_6)
FNDA:0,(anonymous_7)
DA:12,1
DA:14,1
DA:26,0
DA:27,0
DA:33,0
DA:34,0
DA:43,1
DA:51,0
DA:60,0
DA:69,0
DA:78,0
DA:87,0
DA:98,2
LF:13
LH:4
BRF:0
BRH:0
end_of_record
TN:
SF:/home/porpentina/cs506/CS506FinalProject/AwesomeProject/screens/ReviewScreen.js
FN:22,(anonymous_0)
FN:27,(anonymous_1)
FN:38,(anonymous_2)
FN:39,(anonymous_3)
FN:43,(anonymous_4)
FN:46,(anonymous_5)
FN:51,(anonymous_6)
FN:78,(anonymous_7)
FN:89,(anonymous_8)
FNF:9
FNH:4
FNDA:1,(anonymous_0)
FNDA:1,(anonymous_1)
FNDA:0,(anonymous_2)
FNDA:0,(anonymous_3)
FNDA:0,(anonymous_4)
FNDA:1,(anonymous_5)
FNDA:1,(anonymous_6)
FNDA:0,(anonymous_7)
FNDA:0,(anonymous_8)
DA:23,1
DA:24,1
DA:28,1
DA:38,0
DA:40,0
DA:44,0
DA:47,1
DA:52,1
DA:53,1
DA:60,0
DA:78,0
DA:89,0
DA:99,2
LF:13
LH:7
BRDA:52,0,0,1
BRDA:52,0,1,0
BRF:2
BRH:1
end_of_record
TN:
SF:/home/porpentina/cs506/CS506FinalProject/AwesomeProject/screens/SettingsScreen.js
FN:12,(anonymous_0)
FN:13,(anonymous_1)
FN:16,(anonymous_2)
FN:23,(anonymous_3)
FN:31,(anonymous_4)
FNF:5
FNH:1
FNDA:0,(anonymous_0)
FNDA:0,(anonymous_1)
FNDA:0,(anonymous_2)
FNDA:1,(anonymous_3)
FNDA:0,(anonymous_4)
DA:13,0
DA:15,0
DA:18,0
DA:24,1
DA:31,0
DA:42,2
LF:6
LH:2
BRF:0
BRH:0
end_of_record
TN:
SF:/home/porpentina/cs506/CS506FinalProject/AwesomeProject/screens/SignUpScreen.js
FN:12,(anonymous_0)
FN:22,(anonymous_1)
FN:29,(anonymous_2)
FN:61,(anonymous_3)
FN:71,(anonymous_4)
FN:79,(anonymous_5)
FN:89,(anonymous_6)
FN:97,(anonymous_7)
FN:105,(anonymous_8)
FNF:9
FNH:2
FNDA:1,(anonymous_0)
FNDA:0,(anonymous_1)
FNDA:0,(anonymous_2)
FNDA:1,(anonymous_3)
FNDA:0,(anonymous_4)
FNDA:0,(anonymous_5)
FNDA:0,(anonymous_6)
FNDA:0,(anonymous_7)
FNDA:0,(anonymous_8)
DA:13,1
DA:15,1
DA:23,0
DA:24,0
DA:25,0
DA:26,0
DA:29,0
DA:30,0
DA:31,0
DA:32,0
DA:38,0
DA:42,0
DA:62,1
DA:71,0
DA:79,0
DA:89,0
DA:97,0
DA:105,0
DA:129,2
LF:19
LH:4
BRDA:24,0,0,0
BRDA:24,0,1,0
BRF:2
BRH:0
end_of_record
